<?xml version="1.0" encoding="UTF-8"?>
<testsuite xmlns:xsi="http://www.w3.org/2001/XMLSchema-instance" xsi:noNamespaceSchemaLocation="https://maven.apache.org/surefire/maven-surefire-plugin/xsd/surefire-test-report-3.0.xsd" version="3.0" name="tech.getarrays.employeemanager.EmployeemanagerApplicationTests" time="4.838" tests="1" errors="0" skipped="0" failures="0">
  <properties>
[...]
</properties>
  <testcase name="contextLoads" classname="tech.getarrays.employeemanager.EmployeemanagerApplicationTests" time="0.556">
    <system-out><![CDATA[14:57:49.311 [main] INFO org.springframework.test.context.support.AnnotationConfigContextLoaderUtils -- Could not detect default configuration classes for test class [tech.getarrays.employeemanager.EmployeemanagerApplicationTests]: EmployeemanagerApplicationTests does not declare any static, non-private, non-final, nested classes annotated with @Configuration.
14:57:49.405 [main] INFO org.springframework.boot.test.context.SpringBootTestContextBootstrapper -- Found @SpringBootConfiguration tech.getarrays.employeemanager.EmployeemanagerApplication for test class tech.getarrays.employeemanager.EmployeemanagerApplicationTests

  .   ____          _            __ _ _
 /\\ / ___'_ __ _ _(_)_ __  __ _ \ \ \ \
( ( )\___ | '_ | '_| | '_ \/ _` | \ \ \ \
 \\/  ___)| |_)| | | | | || (_| |  ) ) ) )
  '  |____| .__|_| |_|_| |_\__, | / / / /
 =========|_|==============|___/=/_/_/_/
 :: Spring Boot ::                (v3.1.1)

2023-07-19T14:57:49.819+07:00  INFO 23856 --- [           main] t.g.e.EmployeemanagerApplicationTests    : Starting EmployeemanagerApplicationTests using Java 17.0.7 with PID 23856 (started by yeahbutstill in /home/yeahbutstill/IdeaProjects/employeemanager)
2023-07-19T14:57:49.820+07:00  INFO 23856 --- [           main] t.g.e.EmployeemanagerApplicationTests    : No active profile set, falling back to 1 default profile: "default"
2023-07-19T14:57:50.469+07:00  INFO 23856 --- [           main] .s.d.r.c.RepositoryConfigurationDelegate : Bootstrapping Spring Data JPA repositories in DEFAULT mode.
2023-07-19T14:57:50.527+07:00  INFO 23856 --- [           main] .s.d.r.c.RepositoryConfigurationDelegate : Finished Spring Data repository scanning in 49 ms. Found 1 JPA repository interfaces.
2023-07-19T14:57:50.971+07:00  INFO 23856 --- [           main] o.hibernate.jpa.internal.util.LogHelper  : HHH000204: Processing PersistenceUnitInfo [name: default]
2023-07-19T14:57:51.014+07:00  INFO 23856 --- [           main] org.hibernate.Version                    : HHH000412: Hibernate ORM core version 6.2.5.Final
2023-07-19T14:57:51.016+07:00  INFO 23856 --- [           main] org.hibernate.cfg.Environment            : HHH000406: Using bytecode reflection optimizer
2023-07-19T14:57:51.151+07:00  INFO 23856 --- [           main] o.h.b.i.BytecodeProviderInitiator        : HHH000021: Bytecode provider name : bytebuddy
2023-07-19T14:57:51.263+07:00  INFO 23856 --- [           main] o.s.o.j.p.SpringPersistenceUnitInfo      : No LoadTimeWeaver setup: ignoring JPA class transformer
2023-07-19T14:57:51.280+07:00  INFO 23856 --- [           main] com.zaxxer.hikari.HikariDataSource       : HikariPool-1 - Starting...
2023-07-19T14:57:51.631+07:00  INFO 23856 --- [           main] com.zaxxer.hikari.pool.HikariPool        : HikariPool-1 - Added connection com.mysql.cj.jdbc.ConnectionImpl@40c76f5a
2023-07-19T14:57:51.632+07:00  INFO 23856 --- [           main] com.zaxxer.hikari.HikariDataSource       : HikariPool-1 - Start completed.
2023-07-19T14:57:51.882+07:00  INFO 23856 --- [           main] o.h.b.i.BytecodeProviderInitiator        : HHH000021: Bytecode provider name : bytebuddy
2023-07-19T14:57:52.466+07:00  INFO 23856 --- [           main] o.h.e.t.j.p.i.JtaPlatformInitiator       : HHH000490: Using JtaPlatform implementation: [org.hibernate.engine.transaction.jta.platform.internal.NoJtaPlatform]
Hibernate: create table employee (id bigint not null, email varchar(255), employee_code varchar(255) not null, image_url varchar(255), job_title varchar(255), name varchar(255), phone varchar(255), primary key (id)) engine=InnoDB
Hibernate: create table employee_seq (next_val bigint) engine=InnoDB
Hibernate: insert into employee_seq values ( 1 )
2023-07-19T14:57:52.605+07:00  INFO 23856 --- [           main] j.LocalContainerEntityManagerFactoryBean : Initialized JPA EntityManagerFactory for persistence unit 'default'
2023-07-19T14:57:53.098+07:00  WARN 23856 --- [           main] JpaBaseConfiguration$JpaWebConfiguration : spring.jpa.open-in-view is enabled by default. Therefore, database queries may be performed during view rendering. Explicitly configure spring.jpa.open-in-view to disable this warning
2023-07-19T14:57:53.425+07:00  INFO 23856 --- [           main] t.g.e.EmployeemanagerApplicationTests    : Started EmployeemanagerApplicationTests in 3.874 seconds (process running for 4.816)
]]></system-out>
  </testcase>
</testsuite>